<?xml version="1.0" encoding="UTF-8"?>
<testng-results ignored="0" total="1" passed="1" failed="0" skipped="0">
  <reporter-output>
  </reporter-output>
  <suite started-at="2020-11-13T20:02:38 ICT" name="Default suite" finished-at="2020-11-13T20:02:58 ICT" duration-ms="19332">
    <groups>
    </groups>
    <test started-at="2020-11-13T20:02:38 ICT" name="Default test" finished-at="2020-11-13T20:02:58 ICT" duration-ms="19332">
      <class name="firsttestngpackage.CoursesSelect">
        <test-method signature="CoursesSelect_hoctructuyen()[pri:0, instance:firsttestngpackage.CoursesSelect@65b3f4a4]" started-at="2020-11-13T20:02:38 ICT" name="CoursesSelect_hoctructuyen" finished-at="2020-11-13T20:02:57 ICT" duration-ms="19284" status="PASS">
          <reporter-output>
          </reporter-output>
        </test-method> <!-- CoursesSelect_hoctructuyen -->
      </class> <!-- firsttestngpackage.CoursesSelect -->
    </test> <!-- Default test -->
  </suite> <!-- Default suite -->
</testng-results>
